<?xml version="1.0" encoding="UTF-8"?>
<testsuite xmlns:xsi="http://www.w3.org/2001/XMLSchema-instance" xsi:noNamespaceSchemaLocation="https://maven.apache.org/surefire/maven-surefire-plugin/xsd/surefire-test-report-3.0.xsd" version="3.0" name="fleet_login.FleetLoginTest" time="11.698" tests="1" errors="0" skipped="0" failures="0">
  <properties>
[...]
</properties>
  <testcase name="[1:7] Valid login" classname="fleet_login/FleetLoginTest" time="10.462">
    <system-out><![CDATA[---------------------------------------------------------
feature: classpath:fleet_login/FleetLoginTest.feature
scenarios:  1 | passed:  1 | failed:  0 | time: 8.2253
---------------------------------------------------------

Karate version: 1.4.1
======================================================
elapsed:  10.52 | threads:    1 | thread time: 8.23 
features:     1 | skipped:    0 | efficiency: 0.78
scenarios:    1 | passed:     1 | failed: 0
======================================================

HTML report: (paste into browser to view) | Karate version: 1.4.1
file:///C:/Users/shabana.banu/Workspace/Karate/target/karate-reports/karate-summary.html
===================================================================

]]></system-out>
    <system-err><![CDATA[[main] INFO com.intuit.karate - [print] Login successful! 
[chrome_1746254920330] WARN com.intuit.karate.shell.Command - exit code was non-zero: 1 - [C:/Program Files/Google/Chrome/Application/chrome.exe, --remote-debugging-port=9222, --remote-allow-origins=*, --no-first-run, --user-data-dir=C:\Users\shabana.banu\Workspace\Karate\target\chrome_1746254920330, --disable-popup-blocking] working dir: target\chrome_1746254920330
]]></system-err>
  </testcase>
</testsuite>